<?xml version="1.0" encoding="UTF-8"?>
<testsuite xmlns:xsi="http://www.w3.org/2001/XMLSchema-instance" xsi:noNamespaceSchemaLocation="https://maven.apache.org/surefire/maven-surefire-plugin/xsd/surefire-test-report.xsd" version="3.0.2" name="MantenimientoPractica.Practica.PracticaApplicationTests" time="2.464" tests="1" errors="0" skipped="0" failures="0">
  <properties>
[...]
</properties>
  <testcase name="contextLoads" classname="MantenimientoPractica.Practica.PracticaApplicationTests" time="0.94">
    <system-out><![CDATA[14:09:29.807 [main] INFO org.springframework.test.context.support.AnnotationConfigContextLoaderUtils -- Could not detect default configuration classes for test class [MantenimientoPractica.Practica.PracticaApplicationTests]: PracticaApplicationTests does not declare any static, non-private, non-final, nested classes annotated with @Configuration.
14:09:29.993 [main] INFO org.springframework.boot.test.context.SpringBootTestContextBootstrapper -- Found @SpringBootConfiguration MantenimientoPractica.Practica.PracticaApplication for test class MantenimientoPractica.Practica.PracticaApplicationTests

  .   ____          _            __ _ _
 /\\ / ___'_ __ _ _(_)_ __  __ _ \ \ \ \
( ( )\___ | '_ | '_| | '_ \/ _` | \ \ \ \
 \\/  ___)| |_)| | | | | || (_| |  ) ) ) )
  '  |____| .__|_| |_|_| |_\__, | / / / /
 =========|_|==============|___/=/_/_/_/

 :: Spring Boot ::                (v4.0.3)

2026-03-13T14:09:30.523+01:00  INFO 17368 --- [Practica] [           main] M.Practica.PracticaApplicationTests      : Starting PracticaApplicationTests using Java 23 with PID 17368 (started by Youssef in C:\Users\Youssef\WebstormProjects\mgcss-track-L2G5)
2026-03-13T14:09:30.525+01:00  INFO 17368 --- [Practica] [           main] M.Practica.PracticaApplicationTests      : No active profile set, falling back to 1 default profile: "default"
2026-03-13T14:09:31.030+01:00  INFO 17368 --- [Practica] [           main] M.Practica.PracticaApplicationTests      : Started PracticaApplicationTests in 0.859 seconds (process running for 2.397)
]]></system-out>
    <system-err><![CDATA[Mockito is currently self-attaching to enable the inline-mock-maker. This will no longer work in future releases of the JDK. Please add Mockito as an agent to your build as described in Mockito's documentation: https://javadoc.io/doc/org.mockito/mockito-core/latest/org.mockito/org/mockito/Mockito.html#0.3
WARNING: A Java agent has been loaded dynamically (C:\Users\Youssef\.m2\repository\net\bytebuddy\byte-buddy-agent\1.17.8\byte-buddy-agent-1.17.8.jar)
WARNING: If a serviceability tool is in use, please run with -XX:+EnableDynamicAgentLoading to hide this warning
WARNING: If a serviceability tool is not in use, please run with -Djdk.instrument.traceUsage for more information
WARNING: Dynamic loading of agents will be disallowed by default in a future release
]]></system-err>
  </testcase>
</testsuite>