<?xml version="1.0" encoding="UTF-8"?>
<testsuite xmlns:xsi="http://www.w3.org/2001/XMLSchema-instance" xsi:noNamespaceSchemaLocation="https://maven.apache.org/surefire/maven-surefire-plugin/xsd/surefire-test-report.xsd" version="3.0.2" name="mantenimiento.practica.PracticaApplicationTests" time="5.071" tests="2" errors="0" skipped="0" failures="0">
  <properties>
[...]
</properties>
  <testcase name="testMain" classname="mantenimiento.practica.PracticaApplicationTests" time="0.909">
    <system-out><![CDATA[2026-05-28T23:13:42.275+02:00  INFO 17440 --- [Practica] [           main] t.c.s.AnnotationConfigContextLoaderUtils : Could not detect default configuration classes for test class [mantenimiento.practica.PracticaApplicationTests]: PracticaApplicationTests does not declare any static, non-private, non-final, nested classes annotated with @Configuration.
2026-05-28T23:13:42.303+02:00  INFO 17440 --- [Practica] [           main] .b.t.c.SpringBootTestContextBootstrapper : Found @SpringBootConfiguration mantenimiento.practica.PracticaApplication for test class mantenimiento.practica.PracticaApplicationTests
2026-05-28T23:13:42.327+02:00  INFO 17440 --- [Practica] [           main] o.s.b.d.r.RestartApplicationListener     : Restart disabled due to context in which it is running

  .   ____          _            __ _ _
 /\\ / ___'_ __ _ _(_)_ __  __ _ \ \ \ \
( ( )\___ | '_ | '_| | '_ \/ _` | \ \ \ \
 \\/  ___)| |_)| | | | | || (_| |  ) ) ) )
  '  |____| .__|_| |_|_| |_\__, | / / / /
 =========|_|==============|___/=/_/_/_/

 :: Spring Boot ::                (v4.0.3)

2026-05-28T23:13:42.384+02:00  INFO 17440 --- [Practica] [           main] m.practica.PracticaApplicationTests      : Starting PracticaApplicationTests using Java 21.0.9 with PID 17440 (started by Echo in C:\Users\Echo\IdeaProjects\mgcss-track-L2G5)
2026-05-28T23:13:42.385+02:00  INFO 17440 --- [Practica] [           main] m.practica.PracticaApplicationTests      : No active profile set, falling back to 1 default profile: "default"
2026-05-28T23:13:43.177+02:00  INFO 17440 --- [Practica] [           main] .s.d.r.c.RepositoryConfigurationDelegate : Bootstrapping Spring Data JPA repositories in DEFAULT mode.
2026-05-28T23:13:43.205+02:00  INFO 17440 --- [Practica] [           main] .s.d.r.c.RepositoryConfigurationDelegate : Finished Spring Data repository scanning in 11 ms. Found 0 JPA repository interfaces.
2026-05-28T23:13:43.592+02:00  INFO 17440 --- [Practica] [           main] com.zaxxer.hikari.HikariDataSource       : HikariPool-1 - Starting...
2026-05-28T23:13:44.059+02:00  INFO 17440 --- [Practica] [           main] com.zaxxer.hikari.pool.HikariPool        : HikariPool-1 - Added connection conn0: url=jdbc:h2:mem:82af0d82-c81d-4c06-93cf-45682d8b03b8 user=SA
2026-05-28T23:13:44.065+02:00  INFO 17440 --- [Practica] [           main] com.zaxxer.hikari.HikariDataSource       : HikariPool-1 - Start completed.
2026-05-28T23:13:44.125+02:00  INFO 17440 --- [Practica] [           main] org.hibernate.orm.jpa                    : HHH008540: Processing PersistenceUnitInfo [name: default]
2026-05-28T23:13:44.280+02:00  INFO 17440 --- [Practica] [           main] org.hibernate.orm.core                   : HHH000001: Hibernate ORM core version 7.2.4.Final
2026-05-28T23:13:44.875+02:00  INFO 17440 --- [Practica] [           main] o.s.o.j.p.SpringPersistenceUnitInfo      : No LoadTimeWeaver setup: ignoring JPA class transformer
2026-05-28T23:13:45.074+02:00  INFO 17440 --- [Practica] [           main] org.hibernate.orm.connections.pooling    : HHH10001005: Database info:
	Database JDBC URL [jdbc:h2:mem:82af0d82-c81d-4c06-93cf-45682d8b03b8]
	Database driver: H2 JDBC Driver
	Database dialect: H2Dialect
	Database version: 2.4.240
	Default catalog/schema: 82AF0D82-C81D-4C06-93CF-45682D8B03B8/PUBLIC
	Autocommit mode: undefined/unknown
	Isolation level: READ_COMMITTED [default READ_COMMITTED]
	JDBC fetch size: 100
	Pool: DataSourceConnectionProvider
	Minimum pool size: undefined/unknown
	Maximum pool size: undefined/unknown
2026-05-28T23:13:45.735+02:00  INFO 17440 --- [Practica] [           main] org.hibernate.orm.core                   : HHH000489: No JTA platform available (set 'hibernate.transaction.jta.platform' to enable JTA platform integration)
2026-05-28T23:13:45.746+02:00  INFO 17440 --- [Practica] [           main] j.LocalContainerEntityManagerFactoryBean : Initialized JPA EntityManagerFactory for persistence unit 'default'
2026-05-28T23:13:45.946+02:00  WARN 17440 --- [Practica] [           main] JpaBaseConfiguration$JpaWebConfiguration : spring.jpa.open-in-view is enabled by default. Therefore, database queries may be performed during view rendering. Explicitly configure spring.jpa.open-in-view to disable this warning
2026-05-28T23:13:46.423+02:00  INFO 17440 --- [Practica] [           main] m.practica.PracticaApplicationTests      : Started PracticaApplicationTests in 4.097 seconds (process running for 10.954)
2026-05-28T23:13:46.425+02:00  WARN 17440 --- [Practica] [           main] o.s.core.events.SpringDocAppInitializer  : SpringDoc /v3/api-docs endpoint is enabled by default. To disable it in production, set the property 'springdoc.api-docs.enabled=false'
2026-05-28T23:13:46.425+02:00  WARN 17440 --- [Practica] [           main] o.s.core.events.SpringDocAppInitializer  : SpringDoc /swagger-ui.html endpoint is enabled by default. To disable it in production, set the property 'springdoc.swagger-ui.enabled=false'
2026-05-28T23:13:46.433+02:00  INFO 17440 --- [Practica] [           main] o.s.b.d.r.RestartApplicationListener     : Restart disabled due to context in which it is running

  .   ____          _            __ _ _
 /\\ / ___'_ __ _ _(_)_ __  __ _ \ \ \ \
( ( )\___ | '_ | '_| | '_ \/ _` | \ \ \ \
 \\/  ___)| |_)| | | | | || (_| |  ) ) ) )
  '  |____| .__|_| |_|_| |_\__, | / / / /
 =========|_|==============|___/=/_/_/_/

 :: Spring Boot ::                (v4.0.3)

2026-05-28T23:13:46.467+02:00  INFO 17440 --- [Practica] [           main] m.practica.PracticaApplication           : Starting PracticaApplication using Java 21.0.9 with PID 17440 (started by Echo in C:\Users\Echo\IdeaProjects\mgcss-track-L2G5)
2026-05-28T23:13:46.468+02:00  INFO 17440 --- [Practica] [           main] m.practica.PracticaApplication           : No active profile set, falling back to 1 default profile: "default"
2026-05-28T23:13:46.666+02:00  INFO 17440 --- [Practica] [           main] .s.d.r.c.RepositoryConfigurationDelegate : Bootstrapping Spring Data JPA repositories in DEFAULT mode.
2026-05-28T23:13:46.671+02:00  INFO 17440 --- [Practica] [           main] .s.d.r.c.RepositoryConfigurationDelegate : Finished Spring Data repository scanning in 3 ms. Found 0 JPA repository interfaces.
2026-05-28T23:13:46.912+02:00  INFO 17440 --- [Practica] [           main] o.s.boot.tomcat.TomcatWebServer          : Tomcat initialized with port 8080 (http)
2026-05-28T23:13:46.932+02:00  INFO 17440 --- [Practica] [           main] o.apache.catalina.core.StandardService   : Starting service [Tomcat]
2026-05-28T23:13:46.932+02:00  INFO 17440 --- [Practica] [           main] o.apache.catalina.core.StandardEngine    : Starting Servlet engine: [Apache Tomcat/11.0.18]
2026-05-28T23:13:47.012+02:00  INFO 17440 --- [Practica] [           main] b.w.c.s.WebApplicationContextInitializer : Root WebApplicationContext: initialization completed in 542 ms
2026-05-28T23:13:47.108+02:00  INFO 17440 --- [Practica] [           main] com.zaxxer.hikari.HikariDataSource       : HikariPool-2 - Starting...
2026-05-28T23:13:47.111+02:00  INFO 17440 --- [Practica] [           main] com.zaxxer.hikari.pool.HikariPool        : HikariPool-2 - Added connection conn10: url=jdbc:h2:mem:33feab00-58cc-4f9c-bce2-7c3ee0825285 user=SA
2026-05-28T23:13:47.112+02:00  INFO 17440 --- [Practica] [           main] com.zaxxer.hikari.HikariDataSource       : HikariPool-2 - Start completed.
2026-05-28T23:13:47.113+02:00  INFO 17440 --- [Practica] [           main] org.hibernate.orm.jpa                    : HHH008540: Processing PersistenceUnitInfo [name: default]
2026-05-28T23:13:47.140+02:00  INFO 17440 --- [Practica] [           main] o.s.o.j.p.SpringPersistenceUnitInfo      : No LoadTimeWeaver setup: ignoring JPA class transformer
2026-05-28T23:13:47.142+02:00  INFO 17440 --- [Practica] [           main] org.hibernate.orm.connections.pooling    : HHH10001005: Database info:
	Database JDBC URL [jdbc:h2:mem:33feab00-58cc-4f9c-bce2-7c3ee0825285]
	Database driver: H2 JDBC Driver
	Database dialect: H2Dialect
	Database version: 2.4.240
	Default catalog/schema: 33FEAB00-58CC-4F9C-BCE2-7C3EE0825285/PUBLIC
	Autocommit mode: undefined/unknown
	Isolation level: READ_COMMITTED [default READ_COMMITTED]
	JDBC fetch size: 100
	Pool: DataSourceConnectionProvider
	Minimum pool size: undefined/unknown
	Maximum pool size: undefined/unknown
2026-05-28T23:13:47.165+02:00  INFO 17440 --- [Practica] [           main] org.hibernate.orm.core                   : HHH000489: No JTA platform available (set 'hibernate.transaction.jta.platform' to enable JTA platform integration)
2026-05-28T23:13:47.166+02:00  INFO 17440 --- [Practica] [           main] j.LocalContainerEntityManagerFactoryBean : Initialized JPA EntityManagerFactory for persistence unit 'default'
2026-05-28T23:13:47.191+02:00  WARN 17440 --- [Practica] [           main] JpaBaseConfiguration$JpaWebConfiguration : spring.jpa.open-in-view is enabled by default. Therefore, database queries may be performed during view rendering. Explicitly configure spring.jpa.open-in-view to disable this warning
2026-05-28T23:13:47.331+02:00  INFO 17440 --- [Practica] [           main] o.s.boot.tomcat.TomcatWebServer          : Tomcat started on port 8080 (http) with context path '/'
2026-05-28T23:13:47.334+02:00  INFO 17440 --- [Practica] [           main] m.practica.PracticaApplication           : Started PracticaApplication in 0.902 seconds (process running for 11.865)
2026-05-28T23:13:47.335+02:00  WARN 17440 --- [Practica] [           main] o.s.core.events.SpringDocAppInitializer  : SpringDoc /v3/api-docs endpoint is enabled by default. To disable it in production, set the property 'springdoc.api-docs.enabled=false'
2026-05-28T23:13:47.336+02:00  WARN 17440 --- [Practica] [           main] o.s.core.events.SpringDocAppInitializer  : SpringDoc /swagger-ui.html endpoint is enabled by default. To disable it in production, set the property 'springdoc.swagger-ui.enabled=false'
]]></system-out>
  </testcase>
  <testcase name="contextLoads" classname="mantenimiento.practica.PracticaApplicationTests" time="0.003"/>
</testsuite>