<?xml version="1.0" encoding="UTF-8"?>
<testsuite xmlns:xsi="http://www.w3.org/2001/XMLSchema-instance" xsi:noNamespaceSchemaLocation="https://maven.apache.org/surefire/maven-surefire-plugin/xsd/surefire-test-report.xsd" version="3.0.2" name="mantenimiento.practica.api.SolicitudControllerTest" time="4.843" tests="3" errors="0" skipped="0" failures="0">
  <properties>
[...]
</properties>
  <testcase name="obtenerPorIdDevuelveSolicitudExistente" classname="mantenimiento.practica.api.SolicitudControllerTest" time="0.4">
    <system-out><![CDATA[12:33:30.669 [main] INFO org.springframework.test.context.support.AnnotationConfigContextLoaderUtils -- Could not detect default configuration classes for test class [mantenimiento.practica.api.SolicitudControllerTest]: SolicitudControllerTest does not declare any static, non-private, non-final, nested classes annotated with @Configuration.
12:33:30.982 [main] INFO org.springframework.boot.test.context.SpringBootTestContextBootstrapper -- Found @SpringBootConfiguration mantenimiento.practica.PracticaApplication for test class mantenimiento.practica.api.SolicitudControllerTest
12:33:31.131 [main] INFO org.springframework.boot.devtools.restart.RestartApplicationListener -- Restart disabled due to context in which it is running

  .   ____          _            __ _ _
 /\\ / ___'_ __ _ _(_)_ __  __ _ \ \ \ \
( ( )\___ | '_ | '_| | '_ \/ _` | \ \ \ \
 \\/  ___)| |_)| | | | | || (_| |  ) ) ) )
  '  |____| .__|_| |_|_| |_\__, | / / / /
 =========|_|==============|___/=/_/_/_/

 :: Spring Boot ::                (v4.0.3)

2026-06-05T12:33:31.718+02:00  INFO 30560 --- [Practica] [           main] m.practica.api.SolicitudControllerTest   : Starting SolicitudControllerTest using Java 21.0.9 with PID 30560 (started by Echo in C:\Users\Echo\IdeaProjects\mgcss-track-L2G5)
2026-06-05T12:33:31.718+02:00  INFO 30560 --- [Practica] [           main] m.practica.api.SolicitudControllerTest   : No active profile set, falling back to 1 default profile: "default"
2026-06-05T12:33:34.453+02:00  INFO 30560 --- [Practica] [           main] o.s.b.t.m.w.SpringBootMockServletContext : Initializing Spring TestDispatcherServlet ''
2026-06-05T12:33:34.453+02:00  INFO 30560 --- [Practica] [           main] o.s.t.web.servlet.TestDispatcherServlet  : Initializing Servlet ''
2026-06-05T12:33:34.469+02:00  INFO 30560 --- [Practica] [           main] o.s.t.web.servlet.TestDispatcherServlet  : Completed initialization in 16 ms
2026-06-05T12:33:34.503+02:00  INFO 30560 --- [Practica] [           main] m.practica.api.SolicitudControllerTest   : Started SolicitudControllerTest in 3.387 seconds (process running for 5.591)
]]></system-out>
    <system-err><![CDATA[Mockito is currently self-attaching to enable the inline-mock-maker. This will no longer work in future releases of the JDK. Please add Mockito as an agent to your build as described in Mockito's documentation: https://javadoc.io/doc/org.mockito/mockito-core/latest/org.mockito/org/mockito/Mockito.html#0.3
WARNING: A Java agent has been loaded dynamically (C:\Users\Echo\.m2\repository\net\bytebuddy\byte-buddy-agent\1.17.8\byte-buddy-agent-1.17.8.jar)
WARNING: If a serviceability tool is in use, please run with -XX:+EnableDynamicAgentLoading to hide this warning
WARNING: If a serviceability tool is not in use, please run with -Djdk.instrument.traceUsage for more information
WARNING: Dynamic loading of agents will be disallowed by default in a future release
]]></system-err>
  </testcase>
  <testcase name="crearSolicitudDevuelveSolicitudCreada" classname="mantenimiento.practica.api.SolicitudControllerTest" time="0.2"/>
  <testcase name="crearSolicitudSinDescripcionDevuelveBadRequest" classname="mantenimiento.practica.api.SolicitudControllerTest" time="0.022">
    <system-out><![CDATA[2026-06-05T12:33:35.152+02:00  WARN 30560 --- [Practica] [           main] .w.s.m.s.DefaultHandlerExceptionResolver : Resolved [org.springframework.web.bind.MethodArgumentNotValidException: Validation failed for argument [0] in public org.springframework.http.ResponseEntity<mantenimiento.practica.api.SolicitudResponseDTO> mantenimiento.practica.api.SolicitudController.crearSolicitud(mantenimiento.practica.api.SolicitudRequestDTO): [Field error in object 'solicitudRequestDTO' on field 'descripcion': rejected value []; codes [NotBlank.solicitudRequestDTO.descripcion,NotBlank.descripcion,NotBlank.java.lang.String,NotBlank]; arguments [org.springframework.context.support.DefaultMessageSourceResolvable: codes [solicitudRequestDTO.descripcion,descripcion]; arguments []; default message [descripcion]]; default message [Debes indicar una descripción en la solicitud]] ]
]]></system-out>
  </testcase>
</testsuite>